0.001134
0.309854
5.419739
0.002144
-0.371773
13.294439
0.004226
-0.718593
7.460041
0.008308
-0.371376
63.107124
0.016621
0.592577
36.671268
0.050347
0.607334
-65.398315
0.065917
0.131296
-119.165802
0.131513
-0.063368
51.822872
0.274836
0.228018
586.998779
0.525139
-0.992162
405.900421
1.073923
-0.211466
-366.710602
2.144453
0.492821
805.022644
4.514337
0.430081
-906.758179
9.213971
-0.650773
4386.547363
18.502872
-0.311724
-596.407288
36.972578
0.268587
-2478.240479
73.978582
-0.710100
777.400757
147.901008
-0.109207
-5129.428223
2035.028557
-0.403064
-11782.088867
9656.291067
0.949930
-5098.914551
20246.609943
0.537302
15324.359375
